[debug] ----------------------------------------------------------------------
[debug] Command:      /usr/local/bin/node /usr/local/bin/firebase deploy --only functions
[debug] CLI Version:  3.9.0
[debug] Platform:     darwin
[debug] Node Version: v6.10.3
[debug] Time:         Tue Jul 04 2017 17:01:34 GMT+0100 (BST)
[debug] ----------------------------------------------------------------------
[debug] 
[debug] > command requires scopes: ["email","openid","https://www.googleapis.com/auth/cloudplatformprojects.readonly","https://www.googleapis.com/auth/firebase","https://www.googleapis.com/auth/cloud-platform"]
[debug] > refreshing access token with scopes: ["email","https://www.googleapis.com/auth/cloud-platform","https://www.googleapis.com/auth/cloudplatformprojects.readonly","https://www.googleapis.com/auth/firebase","openid"]
[debug] >>> HTTP REQUEST POST https://www.googleapis.com/oauth2/v3/token { refresh_token: '1/qZuZ2cbHDDpMSQ05kqf5107ZAOosCT2T6oY2QOtJmmM',
  client_id: '563584335869-fgrhgmd47bqnekij5i8b5pr03ho849e6.apps.googleusercontent.com',
  client_secret: 'j9iVZfS8kkCEFUPaAeJV0sAi',
  grant_type: 'refresh_token',
  scope: 'email https://www.googleapis.com/auth/cloud-platform https://www.googleapis.com/auth/cloudplatformprojects.readonly https://www.googleapis.com/auth/firebase openid' } 
 Tue Jul 04 2017 17:01:34 GMT+0100 (BST)
[debug] <<< HTTP RESPONSE 200
[debug] >>> HTTP REQUEST GET https://admin.firebase.com/v1/projects/logd-da13f  
 Tue Jul 04 2017 17:01:34 GMT+0100 (BST)
[debug] <<< HTTP RESPONSE 200
[debug] >>> HTTP REQUEST GET https://admin.firebase.com/v1/database/logd-da13f/tokens  
 Tue Jul 04 2017 17:01:35 GMT+0100 (BST)
[debug] <<< HTTP RESPONSE 200
[info] 
[info] === Deploying to 'logd-da13f'...
[info] 
[info] i  deploying functions
[debug] > [functions] package.json contents: {
  "name": "functions",
  "description": "Cloud Functions for Firebase",
  "dependencies": {
    "firebase-admin": "~4.2.1",
    "firebase-functions": "^0.5.7",
    "moment": "*",
    "request": "*"
  },
  "private": true
}
[info] i  functions: ensuring necessary APIs are enabled...
[info] i  runtimeconfig: ensuring necessary APIs are enabled...
[debug] >>> HTTP REQUEST GET https://servicemanagement.googleapis.com/v1/services/cloudfunctions.googleapis.com/projectSettings/logd-da13f?view=CONSUMER_VIEW  
 Tue Jul 04 2017 17:01:36 GMT+0100 (BST)
[debug] >>> HTTP REQUEST GET https://servicemanagement.googleapis.com/v1/services/runtimeconfig.googleapis.com/projectSettings/logd-da13f?view=CONSUMER_VIEW  
 Tue Jul 04 2017 17:01:36 GMT+0100 (BST)
